[35m[1mScanning dependencies of target draw_marker[0m
[ 50%] [32mBuilding CXX object CMakeFiles/draw_marker.dir/src/script.cpp.o[0m
[100%] [32m[1mLinking CXX executable draw_marker[0m
[100%] Built target draw_marker
-- Install configuration: ""
-- Installing: /home/andrew/Desktop/truck_project/install/astar_package/lib/astar_package/draw_marker
-- Set runtime path of "/home/andrew/Desktop/truck_project/install/astar_package/lib/astar_package/draw_marker" to ""
-- Up-to-date: /home/andrew/Desktop/truck_project/install/astar_package/share/ament_index/resource_index/package_run_dependencies/astar_package
-- Up-to-date: /home/andrew/Desktop/truck_project/install/astar_package/share/ament_index/resource_index/parent_prefix_path/astar_package
-- Up-to-date: /home/andrew/Desktop/truck_project/install/astar_package/share/astar_package/environment/ament_prefix_path.sh
-- Up-to-date: /home/andrew/Desktop/truck_project/install/astar_package/share/astar_package/environment/ament_prefix_path.dsv
-- Up-to-date: /home/andrew/Desktop/truck_project/install/astar_package/share/astar_package/environment/path.sh
-- Up-to-date: /home/andrew/Desktop/truck_project/install/astar_package/share/astar_package/environment/path.dsv
-- Up-to-date: /home/andrew/Desktop/truck_project/install/astar_package/share/astar_package/local_setup.bash
-- Up-to-date: /home/andrew/Desktop/truck_project/install/astar_package/share/astar_package/local_setup.sh
-- Up-to-date: /home/andrew/Desktop/truck_project/install/astar_package/share/astar_package/local_setup.zsh
-- Up-to-date: /home/andrew/Desktop/truck_project/install/astar_package/share/astar_package/local_setup.dsv
-- Installing: /home/andrew/Desktop/truck_project/install/astar_package/share/astar_package/package.dsv
-- Up-to-date: /home/andrew/Desktop/truck_project/install/astar_package/share/ament_index/resource_index/packages/astar_package
-- Up-to-date: /home/andrew/Desktop/truck_project/install/astar_package/share/astar_package/cmake/astar_packageConfig.cmake
-- Up-to-date: /home/andrew/Desktop/truck_project/install/astar_package/share/astar_package/cmake/astar_packageConfig-version.cmake
-- Up-to-date: /home/andrew/Desktop/truck_project/install/astar_package/share/astar_package/package.xml
